[  0%] Built target std_msgs_generate_messages_py
[  0%] Built target geometry_msgs_generate_messages_py
[  0%] Built target std_msgs_generate_messages_cpp
[  0%] Built target _unity_meta_quest_msgs_generate_messages_check_deps_PositionService
[  0%] Built target geometry_msgs_generate_messages_cpp
[  0%] Built target _unity_meta_quest_msgs_generate_messages_check_deps_ControllerState
[  0%] Built target _unity_meta_quest_msgs_generate_messages_check_deps_ObjectPoseService
[  0%] Built target _unity_meta_quest_msgs_generate_messages_check_deps_PosRot
[  0%] Built target std_msgs_generate_messages_eus
[  0%] Built target geometry_msgs_generate_messages_eus
[  0%] Built target _unity_meta_quest_msgs_generate_messages_check_deps_PosRotList
[  0%] Built target std_msgs_generate_messages_lisp
[  0%] Built target geometry_msgs_generate_messages_lisp
[  0%] Built target geometry_msgs_generate_messages_nodejs
[  0%] Built target std_msgs_generate_messages_nodejs
[  3%] [34m[1mGenerating C++ code from unity_meta_quest_msgs/ControllerState.msg[0m
[  7%] [34m[1mGenerating C++ code from unity_meta_quest_msgs/PosRot.msg[0m
[ 10%] [34m[1mGenerating EusLisp code from unity_meta_quest_msgs/ControllerState.msg[0m
[ 14%] [34m[1mGenerating Python from MSG unity_meta_quest_msgs/ControllerState[0m
[ 17%] [34m[1mGenerating Python from MSG unity_meta_quest_msgs/PosRot[0m
[ 21%] [34m[1mGenerating EusLisp code from unity_meta_quest_msgs/PosRot.msg[0m
[ 25%] [34m[1mGenerating C++ code from unity_meta_quest_msgs/PosRotList.msg[0m
[ 28%] [34m[1mGenerating Lisp code from unity_meta_quest_msgs/ControllerState.msg[0m
[ 32%] [34m[1mGenerating Lisp code from unity_meta_quest_msgs/PosRot.msg[0m
[ 35%] [34m[1mGenerating EusLisp code from unity_meta_quest_msgs/PosRotList.msg[0m
[ 39%] [34m[1mGenerating EusLisp code from unity_meta_quest_msgs/ObjectPoseService.srv[0m
[ 42%] [34m[1mGenerating C++ code from unity_meta_quest_msgs/ObjectPoseService.srv[0m
[ 46%] [34m[1mGenerating C++ code from unity_meta_quest_msgs/PositionService.srv[0m
[ 50%] [34m[1mGenerating Javascript code from unity_meta_quest_msgs/ControllerState.msg[0m
[ 53%] [34m[1mGenerating Lisp code from unity_meta_quest_msgs/PosRotList.msg[0m
[ 57%] [34m[1mGenerating Javascript code from unity_meta_quest_msgs/PosRot.msg[0m
[ 60%] [34m[1mGenerating Lisp code from unity_meta_quest_msgs/ObjectPoseService.srv[0m
[ 64%] [34m[1mGenerating EusLisp code from unity_meta_quest_msgs/PositionService.srv[0m
[ 67%] [34m[1mGenerating Lisp code from unity_meta_quest_msgs/PositionService.srv[0m
[ 71%] [34m[1mGenerating Javascript code from unity_meta_quest_msgs/PosRotList.msg[0m
[ 75%] [34m[1mGenerating Python from MSG unity_meta_quest_msgs/PosRotList[0m
[ 78%] [34m[1mGenerating Python code from SRV unity_meta_quest_msgs/ObjectPoseService[0m
[ 78%] Built target unity_meta_quest_msgs_generate_messages_lisp
[ 82%] [34m[1mGenerating Javascript code from unity_meta_quest_msgs/ObjectPoseService.srv[0m
[ 82%] Built target unity_meta_quest_msgs_generate_messages_cpp
[ 85%] [34m[1mGenerating EusLisp manifest code for unity_meta_quest_msgs[0m
[ 89%] [34m[1mGenerating Javascript code from unity_meta_quest_msgs/PositionService.srv[0m
[ 92%] [34m[1mGenerating Python code from SRV unity_meta_quest_msgs/PositionService[0m
[ 92%] Built target unity_meta_quest_msgs_generate_messages_nodejs
[100%] [34m[1mGenerating Python msg __init__.py for unity_meta_quest_msgs[0m
[100%] [34m[1mGenerating Python srv __init__.py for unity_meta_quest_msgs[0m
[100%] Built target unity_meta_quest_msgs_generate_messages_py
[100%] Built target unity_meta_quest_msgs_generate_messages_eus
[100%] Built target unity_meta_quest_msgs_generate_messages
