Symlinking /Users/takuyab/unity_meta_quest_ros/ros_packages_unity_meta_quest/devel/include/unity_meta_quest_msgs/PositionServiceResponse.h
Symlinking /Users/takuyab/unity_meta_quest_ros/ros_packages_unity_meta_quest/devel/include/unity_meta_quest_msgs/PosRot.h
Symlinking /Users/takuyab/unity_meta_quest_ros/ros_packages_unity_meta_quest/devel/include/unity_meta_quest_msgs/ObjectPoseService.h
Symlinking /Users/takuyab/unity_meta_quest_ros/ros_packages_unity_meta_quest/devel/include/unity_meta_quest_msgs/ObjectPoseServiceRequest.h
Symlinking /Users/takuyab/unity_meta_quest_ros/ros_packages_unity_meta_quest/devel/include/unity_meta_quest_msgs/ObjectPoseServiceResponse.h
Symlinking /Users/takuyab/unity_meta_quest_ros/ros_packages_unity_meta_quest/devel/include/unity_meta_quest_msgs/PosRotList.h
Symlinking /Users/takuyab/unity_meta_quest_ros/ros_packages_unity_meta_quest/devel/include/unity_meta_quest_msgs/PositionService.h
Symlinking /Users/takuyab/unity_meta_quest_ros/ros_packages_unity_meta_quest/devel/include/unity_meta_quest_msgs/PositionServiceRequest.h
Symlinking /Users/takuyab/unity_meta_quest_ros/ros_packages_unity_meta_quest/devel/include/unity_meta_quest_msgs/ControllerState.h
Symlinking /Users/takuyab/unity_meta_quest_ros/ros_packages_unity_meta_quest/devel/lib/pkgconfig/unity_meta_quest_msgs.pc
Symlinking /Users/takuyab/unity_meta_quest_ros/ros_packages_unity_meta_quest/devel/lib/python3.9/site-packages/unity_meta_quest_msgs/__init__.py
Symlinking /Users/takuyab/unity_meta_quest_ros/ros_packages_unity_meta_quest/devel/lib/python3.9/site-packages/unity_meta_quest_msgs/msg/_PosRotList.py
Symlinking /Users/takuyab/unity_meta_quest_ros/ros_packages_unity_meta_quest/devel/lib/python3.9/site-packages/unity_meta_quest_msgs/msg/_ControllerState.py
Symlinking /Users/takuyab/unity_meta_quest_ros/ros_packages_unity_meta_quest/devel/lib/python3.9/site-packages/unity_meta_quest_msgs/msg/_PosRot.py
Symlinking /Users/takuyab/unity_meta_quest_ros/ros_packages_unity_meta_quest/devel/lib/python3.9/site-packages/unity_meta_quest_msgs/msg/__init__.py
Symlinking /Users/takuyab/unity_meta_quest_ros/ros_packages_unity_meta_quest/devel/lib/python3.9/site-packages/unity_meta_quest_msgs/srv/_PositionService.py
Symlinking /Users/takuyab/unity_meta_quest_ros/ros_packages_unity_meta_quest/devel/lib/python3.9/site-packages/unity_meta_quest_msgs/srv/__init__.py
Symlinking /Users/takuyab/unity_meta_quest_ros/ros_packages_unity_meta_quest/devel/lib/python3.9/site-packages/unity_meta_quest_msgs/srv/_ObjectPoseService.py
Symlinking /Users/takuyab/unity_meta_quest_ros/ros_packages_unity_meta_quest/devel/share/unity_meta_quest_msgs/cmake/unity_meta_quest_msgsConfig.cmake
Symlinking /Users/takuyab/unity_meta_quest_ros/ros_packages_unity_meta_quest/devel/share/unity_meta_quest_msgs/cmake/unity_meta_quest_msgs-msg-paths.cmake
Symlinking /Users/takuyab/unity_meta_quest_ros/ros_packages_unity_meta_quest/devel/share/unity_meta_quest_msgs/cmake/unity_meta_quest_msgs-msg-extras.cmake
Symlinking /Users/takuyab/unity_meta_quest_ros/ros_packages_unity_meta_quest/devel/share/unity_meta_quest_msgs/cmake/unity_meta_quest_msgsConfig-version.cmake
Symlinking /Users/takuyab/unity_meta_quest_ros/ros_packages_unity_meta_quest/devel/share/roseus/ros/unity_meta_quest_msgs/manifest.l
Symlinking /Users/takuyab/unity_meta_quest_ros/ros_packages_unity_meta_quest/devel/share/roseus/ros/unity_meta_quest_msgs/msg/PosRotList.l
Symlinking /Users/takuyab/unity_meta_quest_ros/ros_packages_unity_meta_quest/devel/share/roseus/ros/unity_meta_quest_msgs/msg/ControllerState.l
Symlinking /Users/takuyab/unity_meta_quest_ros/ros_packages_unity_meta_quest/devel/share/roseus/ros/unity_meta_quest_msgs/msg/PosRot.l
Symlinking /Users/takuyab/unity_meta_quest_ros/ros_packages_unity_meta_quest/devel/share/roseus/ros/unity_meta_quest_msgs/srv/PositionService.l
Symlinking /Users/takuyab/unity_meta_quest_ros/ros_packages_unity_meta_quest/devel/share/roseus/ros/unity_meta_quest_msgs/srv/ObjectPoseService.l
Symlinking /Users/takuyab/unity_meta_quest_ros/ros_packages_unity_meta_quest/devel/share/common-lisp/ros/unity_meta_quest_msgs/msg/unity_meta_quest_msgs-msg.asd
Symlinking /Users/takuyab/unity_meta_quest_ros/ros_packages_unity_meta_quest/devel/share/common-lisp/ros/unity_meta_quest_msgs/msg/ControllerState.lisp
Symlinking /Users/takuyab/unity_meta_quest_ros/ros_packages_unity_meta_quest/devel/share/common-lisp/ros/unity_meta_quest_msgs/msg/PosRotList.lisp
Symlinking /Users/takuyab/unity_meta_quest_ros/ros_packages_unity_meta_quest/devel/share/common-lisp/ros/unity_meta_quest_msgs/msg/_package_ControllerState.lisp
Symlinking /Users/takuyab/unity_meta_quest_ros/ros_packages_unity_meta_quest/devel/share/common-lisp/ros/unity_meta_quest_msgs/msg/_package_PosRotList.lisp
Symlinking /Users/takuyab/unity_meta_quest_ros/ros_packages_unity_meta_quest/devel/share/common-lisp/ros/unity_meta_quest_msgs/msg/_package.lisp
Symlinking /Users/takuyab/unity_meta_quest_ros/ros_packages_unity_meta_quest/devel/share/common-lisp/ros/unity_meta_quest_msgs/msg/PosRot.lisp
Symlinking /Users/takuyab/unity_meta_quest_ros/ros_packages_unity_meta_quest/devel/share/common-lisp/ros/unity_meta_quest_msgs/msg/_package_PosRot.lisp
Symlinking /Users/takuyab/unity_meta_quest_ros/ros_packages_unity_meta_quest/devel/share/common-lisp/ros/unity_meta_quest_msgs/srv/_package_ObjectPoseService.lisp
Symlinking /Users/takuyab/unity_meta_quest_ros/ros_packages_unity_meta_quest/devel/share/common-lisp/ros/unity_meta_quest_msgs/srv/ObjectPoseService.lisp
Symlinking /Users/takuyab/unity_meta_quest_ros/ros_packages_unity_meta_quest/devel/share/common-lisp/ros/unity_meta_quest_msgs/srv/unity_meta_quest_msgs-srv.asd
Symlinking /Users/takuyab/unity_meta_quest_ros/ros_packages_unity_meta_quest/devel/share/common-lisp/ros/unity_meta_quest_msgs/srv/_package.lisp
Symlinking /Users/takuyab/unity_meta_quest_ros/ros_packages_unity_meta_quest/devel/share/common-lisp/ros/unity_meta_quest_msgs/srv/_package_PositionService.lisp
Symlinking /Users/takuyab/unity_meta_quest_ros/ros_packages_unity_meta_quest/devel/share/common-lisp/ros/unity_meta_quest_msgs/srv/PositionService.lisp
Symlinking /Users/takuyab/unity_meta_quest_ros/ros_packages_unity_meta_quest/devel/share/gennodejs/ros/unity_meta_quest_msgs/_index.js
Symlinking /Users/takuyab/unity_meta_quest_ros/ros_packages_unity_meta_quest/devel/share/gennodejs/ros/unity_meta_quest_msgs/msg/_index.js
Symlinking /Users/takuyab/unity_meta_quest_ros/ros_packages_unity_meta_quest/devel/share/gennodejs/ros/unity_meta_quest_msgs/msg/PosRotList.js
Symlinking /Users/takuyab/unity_meta_quest_ros/ros_packages_unity_meta_quest/devel/share/gennodejs/ros/unity_meta_quest_msgs/msg/ControllerState.js
Symlinking /Users/takuyab/unity_meta_quest_ros/ros_packages_unity_meta_quest/devel/share/gennodejs/ros/unity_meta_quest_msgs/msg/PosRot.js
Symlinking /Users/takuyab/unity_meta_quest_ros/ros_packages_unity_meta_quest/devel/share/gennodejs/ros/unity_meta_quest_msgs/srv/_index.js
Symlinking /Users/takuyab/unity_meta_quest_ros/ros_packages_unity_meta_quest/devel/share/gennodejs/ros/unity_meta_quest_msgs/srv/PositionService.js
Symlinking /Users/takuyab/unity_meta_quest_ros/ros_packages_unity_meta_quest/devel/share/gennodejs/ros/unity_meta_quest_msgs/srv/ObjectPoseService.js
