Not searching for unused variables given on the command line.
[0mCMake Deprecation Warning at CMakeLists.txt:1 (cmake_minimum_required):
  Compatibility with CMake < 2.8.12 will be removed from a future version of
  CMake.

  Update the VERSION argument <min> value or use a ...<max> suffix to tell
  CMake that the project does not need compatibility with older versions.

[0m
[36m--[0m The C compiler identification is Clang 16.0.6
[36m--[0m The CXX compiler identification is Clang 16.0.6
[36m--[0m Detecting C compiler ABI info
[36m--[0m Detecting C compiler ABI info - done
[36m--[0m Check for working C compiler: /opt/homebrew/Caskroom/miniforge/base/envs/ros_env/bin/arm64-apple-darwin20.0.0-clang - skipped
[36m--[0m Detecting C compile features
[36m--[0m Detecting C compile features - done
[36m--[0m Detecting CXX compiler ABI info
[36m--[0m Detecting CXX compiler ABI info - done
[36m--[0m Check for working CXX compiler: /opt/homebrew/Caskroom/miniforge/base/envs/ros_env/bin/arm64-apple-darwin20.0.0-clang++ - skipped
[36m--[0m Detecting CXX compile features
[36m--[0m Detecting CXX compile features - done
[36m--[0m Using CATKIN_DEVEL_PREFIX: /Users/takuyab/unity_meta_quest_ros/ros_packages_unity_meta_quest/devel/.private/unity_meta_quest_sender
[36m--[0m Using CMAKE_PREFIX_PATH: /Users/takuyab/unity_meta_quest_ros/ros_packages_unity_meta_quest/devel;/opt/homebrew/Caskroom/miniforge/base/envs/ros_env
[36m--[0m This workspace overlays: /Users/takuyab/unity_meta_quest_ros/ros_packages_unity_meta_quest/devel;/opt/homebrew/Caskroom/miniforge/base/envs/ros_env
[36m--[0m Found PythonInterp: /opt/homebrew/Caskroom/miniforge/base/envs/ros_env/bin/python3.9 (found suitable version "3.9.18", minimum required is "3.9")
[36m--[0m Using PYTHON_EXECUTABLE: /opt/homebrew/Caskroom/miniforge/base/envs/ros_env/bin/python3.9
[36m--[0m Using default Python package layout
[36m--[0m Found PY_em: /opt/homebrew/Caskroom/miniforge/base/envs/ros_env/lib/python3.9/site-packages/em.py
[36m--[0m Using empy: /opt/homebrew/Caskroom/miniforge/base/envs/ros_env/lib/python3.9/site-packages/em.py
[36m--[0m Using CATKIN_ENABLE_TESTING: ON
[36m--[0m Call enable_testing()
[36m--[0m Using CATKIN_TEST_RESULTS_DIR: /Users/takuyab/unity_meta_quest_ros/ros_packages_unity_meta_quest/build/unity_meta_quest_sender/test_results
[36m--[0m Found gtest: gtests will be built
[36m--[0m Using Python nosetests: /opt/homebrew/Caskroom/miniforge/base/envs/ros_env/bin/nosetests-3.9
[36m--[0m catkin 0.8.10
[36m--[0m BUILD_SHARED_LIBS is on
[36m--[0m Using these message generators: gencpp;geneus;genlisp;gennodejs;genpy
[36m--[0m Installing devel-space wrapper /Users/takuyab/unity_meta_quest_ros/ros_packages_unity_meta_quest/src/unity_meta_quest_sender/scripts/position_service.py to /Users/takuyab/unity_meta_quest_ros/ros_packages_unity_meta_quest/devel/.private/unity_meta_quest_sender/lib/unity_meta_quest_sender
[36m--[0m Installing devel-space wrapper /Users/takuyab/unity_meta_quest_ros/ros_packages_unity_meta_quest/src/unity_meta_quest_sender/scripts/color_publisher.py to /Users/takuyab/unity_meta_quest_ros/ros_packages_unity_meta_quest/devel/.private/unity_meta_quest_sender/lib/unity_meta_quest_sender
[36m--[0m Configuring done (1.2s)
[36m--[0m Generating done (0.0s)
[36m--[0m Build files have been written to: /Users/takuyab/unity_meta_quest_ros/ros_packages_unity_meta_quest/build/unity_meta_quest_sender
